# JRE version: Java(TM) SE Runtime Environment (17.0.4.1+1) (build 17.0.4.1+1-LTS-2)
# Java VM: Java HotSpot(TM) 64-Bit Server VM (17.0.4.1+1-LTS-2, mixed mode, sharing, tiered, compressed oops, compressed class ptrs, g1 gc, windows-amd64)
GC Precious Log:
 CPUs: 4 total, 4 available
 Memory: 15817M
 Large Page Support: Disabled
 NUMA Support: Disabled
 Compressed Oops: Enabled (Zero based)
 Heap Region Size: 2M
 Heap Min Capacity: 8M
 Heap Initial Capacity: 248M
 Heap Max Capacity: 3956M
 Pre-touch: Disabled
 Parallel Workers: 4
 Concurrent Workers: 1
 Concurrent Refinement Workers: 4
 Periodic GC: Disabled
Heap:
 garbage-first heap   total 253952K, used 52957K [0x0000000708c00000, 0x0000000800000000)
  region size 2048K, 25 young (51200K), 3 survivors (6144K)
 Metaspace       used 19669K, committed 19904K, reserved 1073152K
  class space    used 2315K, committed 2432K, reserved 1048576K
GC Heap History (8 events):
Event: 0.802 GC heap before
{Heap before GC invocations=0 (full 0):
 garbage-first heap   total 253952K, used 10240K [0x0000000708c00000, 0x0000000800000000)
  region size 2048K, 6 young (12288K), 0 survivors (0K)
 Metaspace       used 2562K, committed 2688K, reserved 1056768K
  class space    used 261K, committed 320K, reserved 1048576K
}
Event: 0.806 GC heap after
{Heap after GC invocations=1 (full 0):
 garbage-first heap   total 253952K, used 5724K [0x0000000708c00000, 0x0000000800000000)
  region size 2048K, 1 young (2048K), 1 survivors (2048K)
 Metaspace       used 2562K, committed 2688K, reserved 1056768K
  class space    used 261K, committed 320K, reserved 1048576K
}
Event: 1.264 GC heap before
{Heap before GC invocations=1 (full 0):
 garbage-first heap   total 253952K, used 15964K [0x0000000708c00000, 0x0000000800000000)
  region size 2048K, 6 young (12288K), 1 survivors (2048K)
 Metaspace       used 4974K, committed 5120K, reserved 1056768K
  class space    used 586K, committed 640K, reserved 1048576K
}
Event: 1.267 GC heap after
{Heap after GC invocations=2 (full 0):
 garbage-first heap   total 253952K, used 6991K [0x0000000708c00000, 0x0000000800000000)
  region size 2048K, 1 young (2048K), 1 survivors (2048K)
 Metaspace       used 4974K, committed 5120K, reserved 1056768K
  class space    used 586K, committed 640K, reserved 1048576K
}
Event: 10.216 GC heap before
{Heap before GC invocations=2 (full 0):
 garbage-first heap   total 253952K, used 27471K [0x0000000708c00000, 0x0000000800000000)
  region size 2048K, 11 young (22528K), 1 survivors (2048K)
 Metaspace       used 13491K, committed 13696K, reserved 1064960K
  class space    used 1614K, committed 1728K, reserved 1048576K
}
Event: 10.224 GC heap after
{Heap after GC invocations=3 (full 0):
 garbage-first heap   total 253952K, used 10099K [0x0000000708c00000, 0x0000000800000000)
  region size 2048K, 2 young (4096K), 2 survivors (4096K)
 Metaspace       used 13491K, committed 13696K, reserved 1064960K
  class space    used 1614K, committed 1728K, reserved 1048576K
}
Event: 16.089 GC heap before
{Heap before GC invocations=3 (full 0):
 garbage-first heap   total 253952K, used 92019K [0x0000000708c00000, 0x0000000800000000)
  region size 2048K, 43 young (88064K), 2 survivors (4096K)
 Metaspace       used 18945K, committed 19200K, reserved 1073152K
  class space    used 2249K, committed 2368K, reserved 1048576K
}
Event: 16.096 GC heap after
{Heap after GC invocations=4 (full 0):
 garbage-first heap   total 253952K, used 11997K [0x0000000708c00000, 0x0000000800000000)
  region size 2048K, 3 young (6144K), 3 survivors (6144K)
 Metaspace       used 18945K, committed 19200K, reserved 1073152K
  class space    used 2249K, committed 2368K, reserved 1048576K
}

